120913  7:58:12 [Note] C:\AppServ\MySQL\bin\mysqld-nt: ready for connections.
Version: '5.0.51b-community-nt-log'  socket: ''  port: 3306  MySQL Community Edition (GPL)
120913  7:58:16 [Note] C:\AppServ\MySQL\bin\mysqld-nt: Normal shutdown

120913  7:58:17 [Note] C:\AppServ\MySQL\bin\mysqld-nt: Shutdown complete

120913  8:03:18 [Note] C:\AppServ\MySQL\bin\mysqld-nt: ready for connections.
Version: '5.0.51b-community-nt-log'  socket: ''  port: 3306  MySQL Community Edition (GPL)
120913  8:09:32 [Note] C:\AppServ\MySQL\bin\mysqld-nt: Normal shutdown

120913  8:09:32 [Note] C:\AppServ\MySQL\bin\mysqld-nt: Shutdown complete

120913  8:09:40 [Note] C:\AppServ\MySQL\bin\mysqld-nt: ready for connections.
Version: '5.0.51b-community-nt-log'  socket: ''  port: 3306  MySQL Community Edition (GPL)
120913  8:16:42 [Note] C:\AppServ\MySQL\bin\mysqld-nt: Normal shutdown

120913  8:16:42 [Note] C:\AppServ\MySQL\bin\mysqld-nt: Shutdown complete

120913  8:16:54 [Note] C:\AppServ\MySQL\bin\mysqld-nt: ready for connections.
Version: '5.0.51b-community-nt-log'  socket: ''  port: 3306  MySQL Community Edition (GPL)
120913  8:18:16 [Note] C:\AppServ\MySQL\bin\mysqld-nt: Normal shutdown

120913  8:18:16 [Note] C:\AppServ\MySQL\bin\mysqld-nt: Shutdown complete

120913  8:18:19 [Note] C:\AppServ\MySQL\bin\mysqld-nt.exe: ready for connections.
Version: '5.0.51b-community-nt-log'  socket: ''  port: 3306  MySQL Community Edition (GPL)
120913  8:18:20 [Note] C:\AppServ\MySQL\bin\mysqld-nt.exe: Normal shutdown

120913  8:18:20 [Note] C:\AppServ\MySQL\bin\mysqld-nt.exe: Shutdown complete

120913  8:18:22 [Note] C:\AppServ\MySQL\bin\mysqld-nt: ready for connections.
Version: '5.0.51b-community-nt-log'  socket: ''  port: 3306  MySQL Community Edition (GPL)
120913  8:18:36 [Note] C:\AppServ\MySQL\bin\mysqld-nt: Normal shutdown

120913  8:18:36 [Note] C:\AppServ\MySQL\bin\mysqld-nt: Shutdown complete

120913  8:18:39 [Note] C:\AppServ\MySQL\bin\mysqld-nt.exe: ready for connections.
Version: '5.0.51b-community-nt-log'  socket: ''  port: 3306  MySQL Community Edition (GPL)
120913  8:18:40 [Note] C:\AppServ\MySQL\bin\mysqld-nt.exe: Normal shutdown

120913  8:18:40 [Note] C:\AppServ\MySQL\bin\mysqld-nt.exe: Shutdown complete

120913  8:18:42 [Note] C:\AppServ\MySQL\bin\mysqld-nt: ready for connections.
Version: '5.0.51b-community-nt-log'  socket: ''  port: 3306  MySQL Community Edition (GPL)
120913  8:18:51 [Note] C:\AppServ\MySQL\bin\mysqld-nt: Normal shutdown

120913  8:18:51 [Note] C:\AppServ\MySQL\bin\mysqld-nt: Shutdown complete

120913  8:18:54 [Note] C:\AppServ\MySQL\bin\mysqld-nt: ready for connections.
Version: '5.0.51b-community-nt-log'  socket: ''  port: 3306  MySQL Community Edition (GPL)
120913  8:46:06 [Note] C:\AppServ\MySQL\bin\mysqld-nt: Normal shutdown

120913  8:46:07 [Note] C:\AppServ\MySQL\bin\mysqld-nt: Shutdown complete

120913  8:46:10 [Note] C:\AppServ\MySQL\bin\mysqld-nt: ready for connections.
Version: '5.0.51b-community-nt-log'  socket: ''  port: 3306  MySQL Community Edition (GPL)
120913  9:03:29 [Note] C:\AppServ\MySQL\bin\mysqld-nt: Normal shutdown

120913  9:03:30 [Note] C:\AppServ\MySQL\bin\mysqld-nt: Shutdown complete

120913  9:03:33 [Note] C:\AppServ\MySQL\bin\mysqld-nt: ready for connections.
Version: '5.0.51b-community-nt-log'  socket: ''  port: 3306  MySQL Community Edition (GPL)
120913 17:41:23 [Note] C:\AppServ\MySQL\bin\mysqld-nt: Normal shutdown

120913 17:41:23 [Note] C:\AppServ\MySQL\bin\mysqld-nt: Shutdown complete

120914  8:02:52 [Note] C:\AppServ\MySQL\bin\mysqld-nt: ready for connections.
Version: '5.0.51b-community-nt-log'  socket: ''  port: 3306  MySQL Community Edition (GPL)
120914 17:38:03 [Note] C:\AppServ\MySQL\bin\mysqld-nt: Normal shutdown

120914 17:38:04 [Note] C:\AppServ\MySQL\bin\mysqld-nt: Shutdown complete

120917  7:45:40 [Note] C:\AppServ\MySQL\bin\mysqld-nt: ready for connections.
Version: '5.0.51b-community-nt-log'  socket: ''  port: 3306  MySQL Community Edition (GPL)
120917 17:50:41 [Note] C:\AppServ\MySQL\bin\mysqld-nt: Normal shutdown

120917 17:50:41 [Note] C:\AppServ\MySQL\bin\mysqld-nt: Shutdown complete

120918  7:58:55 [Note] C:\AppServ\MySQL\bin\mysqld-nt: ready for connections.
Version: '5.0.51b-community-nt-log'  socket: ''  port: 3306  MySQL Community Edition (GPL)
120918 10:11:45 [Note] C:\AppServ\MySQL\bin\mysqld-nt: ready for connections.
Version: '5.0.51b-community-nt-log'  socket: ''  port: 3306  MySQL Community Edition (GPL)
120918 10:51:09 [Note] C:\AppServ\MySQL\bin\mysqld-nt: Normal shutdown

120918 10:51:09 [Note] C:\AppServ\MySQL\bin\mysqld-nt: Shutdown complete

120918 11:07:55 [Note] C:\AppServ\MySQL\bin\mysqld-nt: ready for connections.
Version: '5.0.51b-community-nt-log'  socket: ''  port: 3306  MySQL Community Edition (GPL)
120918 11:33:21 [Note] C:\AppServ\MySQL\bin\mysqld-nt: Normal shutdown

120918 11:33:21 [Note] C:\AppServ\MySQL\bin\mysqld-nt: Shutdown complete

